<?xml version="1.0" encoding="UTF-8"?>
<!-- Generated by org.testng.reporters.JUnitXMLReporter -->
<testsuite ignored="0" hostname="DESKTOP-OENNOO4" failures="0" tests="4" name="Chrome" time="29.889" errors="0" timestamp="2022-10-30T18:47:26 IST">
  <testcase classname="test.TC1_Login_Verification" name="verifyLoginFunctionality" time="0.17"/>
  <testcase classname="test.TC2_Logout_Verification" name="verifyLOgOutFunctionality" time="0.011"/>
  <testcase classname="test.TC3_Bag_Verification" name="verifyBagProductFunctionality" time="0.147"/>
  <testcase classname="test.TC4_Allproduct_Verification" name="verifyAllProductFunctionality" time="0.4"/>
</testsuite> <!-- Chrome -->
