<?xml version="1.0" encoding="UTF-8"?>
<!-- Generated by org.testng.reporters.JUnitXMLReporter -->
<testsuite ignored="0" hostname="DESKTOP-OENNOO4" failures="0" tests="2" name="FirefoxTest" time="14.647" errors="0" timestamp="2022-10-09T18:34:59 IST">
  <testcase classname="test.TC3_Bag_Verification" name="verifyBagProductFunctionality" time="0.352"/>
  <testcase classname="test.TC4_Allproduct_Verification" name="verifyAllProductFunctionality" time="1.428"/>
</testsuite> <!-- FirefoxTest -->
