<?xml version="1.0" encoding="UTF-8"?>
<testng-results ignored="0" total="4" passed="4" failed="0" skipped="0">
  <reporter-output>
  </reporter-output>
  <suite started-at="2022-10-30T18:46:56 IST" name="Suite" finished-at="2022-10-30T18:47:26 IST" duration-ms="29889">
    <groups>
    </groups>
    <test started-at="2022-10-30T18:46:56 IST" name="Chrome" finished-at="2022-10-30T18:47:26 IST" duration-ms="29889">
      <class name="test.TC1_Login_Verification">
        <test-method is-config="true" signature="setUp(java.lang.String)[pri:0, instance:test.TC1_Login_Verification@fa49800]" started-at="2022-10-30T18:46:56 IST" name="setUp" finished-at="2022-10-30T18:47:05 IST" duration-ms="9362" status="PASS">
          <params>
            <param index="0">
              <value>
                <![CDATA[chrome]]>
              </value>
            </param>
          </params>
          <reporter-output>
          </reporter-output>
        </test-method> <!-- setUp -->
        <test-method signature="verifyLoginFunctionality()[pri:0, instance:test.TC1_Login_Verification@fa49800]" started-at="2022-10-30T18:47:05 IST" name="verifyLoginFunctionality" finished-at="2022-10-30T18:47:05 IST" duration-ms="170" status="PASS">
          <reporter-output>
          </reporter-output>
        </test-method> <!-- verifyLoginFunctionality -->
        <test-method is-config="true" signature="tearDown()[pri:0, instance:test.TC1_Login_Verification@fa49800]" started-at="2022-10-30T18:47:05 IST" name="tearDown" finished-at="2022-10-30T18:47:06 IST" duration-ms="712" status="PASS">
          <reporter-output>
          </reporter-output>
        </test-method> <!-- tearDown -->
      </class> <!-- test.TC1_Login_Verification -->
      <class name="test.TC3_Bag_Verification">
        <test-method is-config="true" signature="setUp(java.lang.String)[pri:0, instance:test.TC3_Bag_Verification@58d75e99]" started-at="2022-10-30T18:47:12 IST" name="setUp" finished-at="2022-10-30T18:47:16 IST" duration-ms="4307" status="PASS">
          <params>
            <param index="0">
              <value>
                <![CDATA[chrome]]>
              </value>
            </param>
          </params>
          <reporter-output>
          </reporter-output>
        </test-method> <!-- setUp -->
        <test-method signature="verifyBagProductFunctionality()[pri:0, instance:test.TC3_Bag_Verification@58d75e99]" started-at="2022-10-30T18:47:16 IST" name="verifyBagProductFunctionality" finished-at="2022-10-30T18:47:16 IST" duration-ms="147" status="PASS">
          <reporter-output>
          </reporter-output>
        </test-method> <!-- verifyBagProductFunctionality -->
        <test-method is-config="true" signature="tearDown()[pri:0, instance:test.TC3_Bag_Verification@58d75e99]" started-at="2022-10-30T18:47:16 IST" name="tearDown" finished-at="2022-10-30T18:47:17 IST" duration-ms="407" status="PASS">
          <reporter-output>
          </reporter-output>
        </test-method> <!-- tearDown -->
      </class> <!-- test.TC3_Bag_Verification -->
      <class name="test.TC4_Allproduct_Verification">
        <test-method is-config="true" signature="setUp(java.lang.String)[pri:0, instance:test.TC4_Allproduct_Verification@74751b3]" started-at="2022-10-30T18:47:17 IST" name="setUp" finished-at="2022-10-30T18:47:25 IST" duration-ms="8083" status="PASS">
          <params>
            <param index="0">
              <value>
                <![CDATA[chrome]]>
              </value>
            </param>
          </params>
          <reporter-output>
          </reporter-output>
        </test-method> <!-- setUp -->
        <test-method signature="verifyAllProductFunctionality()[pri:0, instance:test.TC4_Allproduct_Verification@74751b3]" started-at="2022-10-30T18:47:25 IST" name="verifyAllProductFunctionality" finished-at="2022-10-30T18:47:25 IST" duration-ms="400" status="PASS">
          <reporter-output>
          </reporter-output>
        </test-method> <!-- verifyAllProductFunctionality -->
        <test-method is-config="true" signature="tearDown()[pri:0, instance:test.TC4_Allproduct_Verification@74751b3]" started-at="2022-10-30T18:47:25 IST" name="tearDown" finished-at="2022-10-30T18:47:26 IST" duration-ms="482" status="PASS">
          <reporter-output>
          </reporter-output>
        </test-method> <!-- tearDown -->
      </class> <!-- test.TC4_Allproduct_Verification -->
      <class name="test.TC2_Logout_Verification">
        <test-method is-config="true" signature="setUp(java.lang.String)[pri:0, instance:test.TC2_Logout_Verification@5ba3f27a]" started-at="2022-10-30T18:47:06 IST" name="setUp" finished-at="2022-10-30T18:47:11 IST" duration-ms="4928" status="PASS">
          <params>
            <param index="0">
              <value>
                <![CDATA[chrome]]>
              </value>
            </param>
          </params>
          <reporter-output>
          </reporter-output>
        </test-method> <!-- setUp -->
        <test-method signature="verifyLOgOutFunctionality()[pri:0, instance:test.TC2_Logout_Verification@5ba3f27a]" started-at="2022-10-30T18:47:11 IST" name="verifyLOgOutFunctionality" finished-at="2022-10-30T18:47:11 IST" duration-ms="11" status="PASS">
          <reporter-output>
          </reporter-output>
        </test-method> <!-- verifyLOgOutFunctionality -->
        <test-method is-config="true" signature="tearDown()[pri:0, instance:test.TC2_Logout_Verification@5ba3f27a]" started-at="2022-10-30T18:47:11 IST" name="tearDown" finished-at="2022-10-30T18:47:12 IST" duration-ms="793" status="PASS">
          <reporter-output>
          </reporter-output>
        </test-method> <!-- tearDown -->
      </class> <!-- test.TC2_Logout_Verification -->
    </test> <!-- Chrome -->
  </suite> <!-- Suite -->
</testng-results>
